

Microchip Technology PIC LITE Macro Assembler V1.38 build -256452561 
                                                                                               Mon Oct 21 18:28:14 2019

Microchip Technology Omniscient Code Generator v1.38 (Free mode) build 201607010351
     1                           	processor	16F1936
     2                           	opt	pw 120
     3                           	opt	lm
     4                           	psect	idataBANK1,global,class=CODE,delta=2
     5                           	psect	cinit,global,class=CODE,merge=1,delta=2
     6                           	psect	bssCOMMON,global,class=COMMON,space=1,delta=1
     7                           	psect	bssBANK0,global,class=BANK0,space=1,delta=1
     8                           	psect	dataBANK1,global,class=BANK1,space=1,delta=1
     9                           	psect	inittext,global,class=CODE,delta=2
    10                           	psect	clrtext,global,class=CODE,delta=2
    11                           	psect	cstackBANK1,global,class=BANK1,space=1,delta=1
    12                           	psect	cstackCOMMON,global,class=COMMON,space=1,delta=1
    13                           	psect	cstackBANK0,global,class=BANK0,space=1,delta=1
    14                           	psect	maintext,global,class=CODE,merge=1,split=1,delta=2
    15                           	psect	text1,local,class=CODE,merge=1,delta=2
    16                           	psect	text2,local,class=CODE,merge=1,delta=2
    17                           	psect	text3,local,class=CODE,merge=1,delta=2
    18                           	psect	intentry,global,class=CODE,delta=2
    19                           	dabs	1,0x7E,2
    20  0000                     	;# 
    21  0001                     	;# 
    22  0002                     	;# 
    23  0003                     	;# 
    24  0004                     	;# 
    25  0005                     	;# 
    26  0006                     	;# 
    27  0007                     	;# 
    28  0008                     	;# 
    29  0009                     	;# 
    30  000A                     	;# 
    31  000B                     	;# 
    32  000C                     	;# 
    33  000D                     	;# 
    34  000E                     	;# 
    35  0010                     	;# 
    36  0011                     	;# 
    37  0012                     	;# 
    38  0013                     	;# 
    39  0015                     	;# 
    40  0016                     	;# 
    41  0016                     	;# 
    42  0017                     	;# 
    43  0018                     	;# 
    44  0019                     	;# 
    45  001A                     	;# 
    46  001B                     	;# 
    47  001C                     	;# 
    48  001E                     	;# 
    49  001F                     	;# 
    50  008C                     	;# 
    51  008D                     	;# 
    52  008E                     	;# 
    53  0090                     	;# 
    54  0091                     	;# 
    55  0092                     	;# 
    56  0093                     	;# 
    57  0095                     	;# 
    58  0096                     	;# 
    59  0097                     	;# 
    60  0098                     	;# 
    61  0099                     	;# 
    62  009A                     	;# 
    63  009B                     	;# 
    64  009B                     	;# 
    65  009C                     	;# 
    66  009D                     	;# 
    67  009E                     	;# 
    68  010C                     	;# 
    69  010D                     	;# 
    70  010E                     	;# 
    71  0110                     	;# 
    72  0111                     	;# 
    73  0112                     	;# 
    74  0113                     	;# 
    75  0114                     	;# 
    76  0115                     	;# 
    77  0116                     	;# 
    78  0117                     	;# 
    79  0118                     	;# 
    80  0119                     	;# 
    81  011A                     	;# 
    82  011B                     	;# 
    83  011D                     	;# 
    84  018C                     	;# 
    85  018D                     	;# 
    86  0191                     	;# 
    87  0191                     	;# 
    88  0192                     	;# 
    89  0193                     	;# 
    90  0193                     	;# 
    91  0193                     	;# 
    92  0194                     	;# 
    93  0195                     	;# 
    94  0196                     	;# 
    95  0199                     	;# 
    96  019A                     	;# 
    97  019B                     	;# 
    98  019B                     	;# 
    99  019B                     	;# 
   100  019B                     	;# 
   101  019C                     	;# 
   102  019C                     	;# 
   103  019D                     	;# 
   104  019E                     	;# 
   105  019F                     	;# 
   106  020D                     	;# 
   107  0210                     	;# 
   108  0211                     	;# 
   109  0212                     	;# 
   110  0213                     	;# 
   111  0214                     	;# 
   112  0215                     	;# 
   113  0215                     	;# 
   114  0216                     	;# 
   115  0217                     	;# 
   116  0291                     	;# 
   117  0291                     	;# 
   118  0292                     	;# 
   119  0293                     	;# 
   120  0294                     	;# 
   121  0295                     	;# 
   122  0295                     	;# 
   123  0296                     	;# 
   124  0298                     	;# 
   125  0298                     	;# 
   126  0299                     	;# 
   127  029A                     	;# 
   128  029B                     	;# 
   129  029C                     	;# 
   130  029C                     	;# 
   131  029D                     	;# 
   132  029E                     	;# 
   133  029F                     	;# 
   134  0311                     	;# 
   135  0311                     	;# 
   136  0312                     	;# 
   137  0313                     	;# 
   138  0314                     	;# 
   139  0315                     	;# 
   140  0315                     	;# 
   141  0316                     	;# 
   142  0318                     	;# 
   143  0318                     	;# 
   144  0319                     	;# 
   145  031A                     	;# 
   146  031C                     	;# 
   147  031C                     	;# 
   148  031D                     	;# 
   149  031E                     	;# 
   150  0394                     	;# 
   151  0395                     	;# 
   152  0396                     	;# 
   153  0415                     	;# 
   154  0416                     	;# 
   155  0417                     	;# 
   156  041C                     	;# 
   157  041D                     	;# 
   158  041E                     	;# 
   159  0791                     	;# 
   160  0792                     	;# 
   161  0793                     	;# 
   162  0794                     	;# 
   163  0795                     	;# 
   164  0798                     	;# 
   165  0799                     	;# 
   166  07A0                     	;# 
   167  07A1                     	;# 
   168  07A3                     	;# 
   169  07A4                     	;# 
   170  07A6                     	;# 
   171  07A7                     	;# 
   172  07A9                     	;# 
   173  07AA                     	;# 
   174  0FE4                     	;# 
   175  0FE5                     	;# 
   176  0FE6                     	;# 
   177  0FE7                     	;# 
   178  0FE8                     	;# 
   179  0FE9                     	;# 
   180  0FEA                     	;# 
   181  0FEB                     	;# 
   182  0FED                     	;# 
   183  0FEE                     	;# 
   184  0FEF                     	;# 
   185                           
   186                           	psect	idataBANK1
   187  0144                     __pidataBANK1:	
   188                           
   189                           ;initializer for Busqueda@F3334
   190  0144  3430               	retlw	48
   191  0145  3441               	retlw	65
   192  0146  3430               	retlw	48
   193  0147  3430               	retlw	48
   194  0148  3436               	retlw	54
   195  0149  3444               	retlw	68
   196  014A  3446               	retlw	70
   197  014B  3438               	retlw	56
   198  014C  3443               	retlw	67
   199  014D  3434               	retlw	52
   200  014E  3435               	retlw	53
   201  014F  3442               	retlw	66
   202  0150  3403               	retlw	3
   203  0151  3430               	retlw	48
   204  0152  3441               	retlw	65
   205  0153  3430               	retlw	48
   206  0154  3430               	retlw	48
   207  0155  3436               	retlw	54
   208  0156  3444               	retlw	68
   209  0157  3437               	retlw	55
   210  0158  3441               	retlw	65
   211  0159  3442               	retlw	66
   212  015A  3444               	retlw	68
   213  015B  3441               	retlw	65
   214  015C  3430               	retlw	48
   215  015D  3403               	retlw	3
   216  000C                     _PORTA	set	12
   217  000E                     _PORTC	set	14
   218  005F                     _GIE	set	95
   219  005E                     _PEIE	set	94
   220  0099                     _OSCCON	set	153
   221  048D                     _RCIE	set	1165
   222  0474                     _TRISC4	set	1140
   223  0475                     _TRISC5	set	1141
   224  0477                     _TRISC7	set	1143
   225  0199                     _RCREG	set	409
   226  019B                     _SPBRG	set	411
   227  019A                     _TXREG	set	410
   228  0CFB                     _BRG16	set	3323
   229  0CF2                     _BRGH	set	3314
   230  0CEC                     _CREN	set	3308
   231  0CEF                     _SPEN	set	3311
   232  0CF4                     _SYNC	set	3316
   233  0CF5                     _TXEN	set	3317
   234                           
   235                           ; #config settings
   236  0000                     
   237                           	psect	cinit
   238  003B                     start_initialization:	
   239  003B                     __initialization:	
   240                           
   241                           ; Initialize objects allocated to BANK1
   242  003B  3044               	movlw	low __pidataBANK1
   243  003C  0084               	movwf	4
   244  003D  3081               	movlw	(high __pidataBANK1)| (0+128)
   245  003E  0085               	movwf	5
   246  003F  30A0               	movlw	low __pdataBANK1
   247  0040  0086               	movwf	6
   248  0041  3000               	movlw	high __pdataBANK1
   249  0042  0087               	movwf	7
   250  0043  301A               	movlw	26
   251  0044  3181  216F  3180   	fcall	init_ram
   252                           
   253                           ; Clear objects allocated to COMMON
   254  0047  01FA               	clrf	__pbssCOMMON& (0+127)
   255  0048  01FB               	clrf	(__pbssCOMMON+1)& (0+127)
   256                           
   257                           ; Clear objects allocated to BANK0
   258  0049  3047               	movlw	low __pbssBANK0
   259  004A  0084               	movwf	4
   260  004B  3000               	movlw	high __pbssBANK0
   261  004C  0085               	movwf	5
   262  004D  301C               	movlw	28
   263  004E  3181  2175         	fcall	clear_ram0
   264  0050                     end_of_initialization:	
   265                           ;End of C runtime variable initialization code
   266                           
   267  0050                     __end_of__initialization:	
   268  0050  107E               	bcf	int$flags,0	;clear compiler interrupt flag (level 1)
   269  0051  0020               	movlb	0
   270  0052  3180  28AF         	ljmp	_main	;jump to C main() function
   271                           
   272                           	psect	bssCOMMON
   273  007A                     __pbssCOMMON:	
   274  007A                     Recept@Flag:	
   275  007A                     	ds	1
   276  007B                     Recept@i:	
   277  007B                     	ds	1
   278                           
   279                           	psect	bssBANK0
   280  0047                     __pbssBANK0:	
   281  0047                     main@F3326:	
   282  0047                     	ds	13
   283  0054                     _U:	
   284  0054                     	ds	2
   285  0056                     _Buffer:	
   286  0056                     	ds	13
   287                           
   288                           	psect	dataBANK1
   289  00A0                     __pdataBANK1:	
   290  00A0                     Busqueda@F3334:	
   291  00A0                     	ds	26
   292                           
   293                           	psect	inittext
   294  016F                     init_ram:	
   295  016F  00FE               	movwf	126
   296  0170                     initloop:	
   297  0170  0012               	moviw fsr0++
   298  0171  001E               	movwi fsr1++
   299  0172  0BFE               	decfsz	126,f
   300  0173  2970               	goto	initloop
   301  0174  3400               	retlw	0
   302                           
   303                           	psect	clrtext
   304  0175                     clear_ram0:	
   305                           ;	Called with FSR0 containing the base address, and
   306                           ;	WREG with the size to clear
   307                           
   308  0175  0064               	clrwdt	;clear the watchdog before getting into this loop
   309  0176                     clrloop0:	
   310  0176  0180               	clrf	0	;clear RAM location pointed to by FSR
   311  0177  3101               	addfsr 0,1
   312  0178  0B89               	decfsz	9,f	;Have we reached the end of clearing yet?
   313  0179  2976               	goto	clrloop0	;have we reached the end yet?
   314  017A  3400               	retlw	0	;all done for this memory range, return
   315                           
   316                           	psect	cstackBANK1
   317  00BA                     __pcstackBANK1:	
   318  00BA                     main@com2:	
   319                           
   320                           ; 13 bytes @ 0x0
   321  00BA                     	ds	13
   322  00C7                     main@comp:	
   323                           
   324                           ; 2 bytes @ 0xD
   325  00C7                     	ds	2
   326                           
   327                           	psect	cstackCOMMON
   328  0070                     __pcstackCOMMON:	
   329  0070                     ?_Recept:	
   330  0070                     ??_Recept:	
   331                           ; 1 bytes @ 0x0
   332                           
   333  0070                     ?_main:	
   334                           ; 1 bytes @ 0x0
   335                           
   336                           
   337                           ; 1 bytes @ 0x0
   338  0070                     	ds	2
   339  0072                     ?___bmul:	
   340  0072                     ___bmul@multiplicand:	
   341                           ; 1 bytes @ 0x2
   342                           
   343                           
   344                           ; 1 bytes @ 0x2
   345  0072                     	ds	1
   346  0073                     ??___bmul:	
   347                           
   348                           ; 1 bytes @ 0x3
   349  0073                     	ds	1
   350  0074                     ___bmul@product:	
   351                           
   352                           ; 1 bytes @ 0x4
   353  0074                     	ds	1
   354  0075                     ___bmul@multiplier:	
   355                           
   356                           ; 1 bytes @ 0x5
   357  0075                     	ds	1
   358  0076                     ?_strncmp:	
   359  0076                     strncmp@s2:	
   360                           ; 2 bytes @ 0x6
   361                           
   362                           
   363                           ; 1 bytes @ 0x6
   364  0076                     	ds	1
   365  0077                     strncmp@len:	
   366                           
   367                           ; 2 bytes @ 0x7
   368  0077                     	ds	2
   369  0079                     strncmp@s1:	
   370                           
   371                           ; 1 bytes @ 0x9
   372  0079                     	ds	1
   373                           
   374                           	psect	cstackBANK0
   375  0020                     __pcstackBANK0:	
   376  0020                     ??_strncmp:	
   377                           
   378                           ; 1 bytes @ 0x0
   379  0020                     	ds	2
   380  0022                     ?_Busqueda:	
   381                           
   382                           ; 2 bytes @ 0x2
   383  0022                     	ds	2
   384  0024                     ??_Busqueda:	
   385                           
   386                           ; 1 bytes @ 0x4
   387  0024                     	ds	2
   388  0026                     Busqueda@ContraHex:	
   389                           
   390                           ; 26 bytes @ 0x6
   391  0026                     	ds	26
   392  0040                     Busqueda@comp:	
   393                           
   394                           ; 2 bytes @ 0x20
   395  0040                     	ds	2
   396  0042                     Busqueda@x:	
   397                           
   398                           ; 2 bytes @ 0x22
   399  0042                     	ds	2
   400  0044                     ??_main:	
   401                           
   402                           ; 1 bytes @ 0x24
   403  0044                     	ds	3
   404                           
   405                           	psect	maintext
   406  00AF                     __pmaintext:	
   407 ;;
   408 ;;Main: autosize = 0, tempsize = 3, incstack = 0, save=0
   409 ;;
   410 ;; *************** function _main *****************
   411 ;; Defined at:
   412 ;;		line 67 in file "Control_v3.c"
   413 ;; Parameters:    Size  Location     Type
   414 ;;		None
   415 ;; Auto vars:     Size  Location     Type
   416 ;;  com2           13    0[BANK1 ] unsigned char [13]
   417 ;;  comp            2   13[BANK1 ] int 
   418 ;; Return value:  Size  Location     Type
   419 ;;                  1    wreg      void 
   420 ;; Registers used:
   421 ;;		wreg, fsr0l, fsr0h, fsr1l, fsr1h, status,2, status,0, pclath, cstack
   422 ;; Tracked objects:
   423 ;;		On entry : B1F/0
   424 ;;		On exit  : 0/0
   425 ;;		Unchanged: 0/0
   426 ;; Data sizes:     COMMON   BANK0   BANK1   BANK2   BANK3   BANK4   BANK5   BANK6
   427 ;;      Params:         0       0       0       0       0       0       0       0
   428 ;;      Locals:         0       0      15       0       0       0       0       0
   429 ;;      Temps:          0       3       0       0       0       0       0       0
   430 ;;      Totals:         0       3      15       0       0       0       0       0
   431 ;;Total ram usage:       18 bytes
   432 ;; Hardware stack levels required when called:    3
   433 ;; This function calls:
   434 ;;		_Busqueda
   435 ;; This function is called by:
   436 ;;		Startup code after reset
   437 ;; This function uses a non-reentrant model
   438 ;;
   439                           
   440                           
   441                           ;psect for function _main
   442  00AF                     _main:	
   443                           
   444                           ;Control_v3.c: 88: int comp=0;
   445                           
   446                           ;incstack = 0
   447                           ; Regs used in _main: [wreg-fsr1h+status,2+status,0+pclath+cstack]
   448  00AF  0021               	movlb	1	; select bank1
   449  00B0  01C7               	clrf	main@comp^(0+128)
   450  00B1  01C8               	clrf	(main@comp+1)^(0+128)
   451                           
   452                           ;Control_v3.c: 90: char com2[13]={0,0,0,0,0,0,0,0,0,0,0,0,0};
   453  00B2  3047               	movlw	low main@F3326
   454  00B3  0086               	movwf	6
   455  00B4  3000               	movlw	high main@F3326
   456  00B5  0087               	movwf	7
   457  00B6  30BA               	movlw	low main@com2
   458  00B7  0084               	movwf	4
   459  00B8  3000               	movlw	high main@com2
   460  00B9  0085               	movwf	5
   461  00BA  300D               	movlw	13
   462  00BB  0020               	movlb	0	; select bank0
   463  00BC  00C4               	movwf	??_main
   464  00BD                     u480:	
   465  00BD  0016               	moviw fsr1++
   466  00BE  001A               	movwi fsr0++
   467  00BF  0BC4               	decfsz	??_main,f
   468  00C0  28BD               	goto	u480
   469                           
   470                           ;Control_v3.c: 92: TRISC7=1;
   471  00C1  0021               	movlb	1	; select bank1
   472  00C2  178E               	bsf	14,7	;volatile
   473                           
   474                           ;Control_v3.c: 93: TRISC4=0;
   475  00C3  120E               	bcf	14,4	;volatile
   476                           
   477                           ;Control_v3.c: 94: TRISC5=0;
   478  00C4  128E               	bcf	14,5	;volatile
   479                           
   480                           ;Control_v3.c: 97: CREN=1;
   481  00C5  0023               	movlb	3	; select bank3
   482  00C6  161D               	bsf	29,4	;volatile
   483                           
   484                           ;Control_v3.c: 98: SYNC=0;
   485  00C7  121E               	bcf	30,4	;volatile
   486                           
   487                           ;Control_v3.c: 99: SPEN=1;
   488  00C8  179D               	bsf	29,7	;volatile
   489                           
   490                           ;Control_v3.c: 102: BRGH=1;
   491  00C9  151E               	bsf	30,2	;volatile
   492                           
   493                           ;Control_v3.c: 103: BRG16=1;
   494  00CA  159F               	bsf	31,3	;volatile
   495                           
   496                           ;Control_v3.c: 104: SPBRG=103;
   497  00CB  3067               	movlw	103
   498  00CC  009B               	movwf	27	;volatile
   499                           
   500                           ;Control_v3.c: 105: TXEN = 1;
   501  00CD  169E               	bsf	30,5	;volatile
   502                           
   503                           ;Control_v3.c: 108: GIE=1;
   504  00CE  178B               	bsf	11,7	;volatile
   505                           
   506                           ;Control_v3.c: 109: PEIE=1;
   507  00CF  170B               	bsf	11,6	;volatile
   508                           
   509                           ;Control_v3.c: 110: RCIE=1;
   510  00D0  0021               	movlb	1	; select bank1
   511  00D1  1691               	bsf	17,5	;volatile
   512                           
   513                           ;Control_v3.c: 113: OSCCON=0b01101000;
   514  00D2  3068               	movlw	104
   515  00D3  0099               	movwf	25	;volatile
   516  00D4  28E6               	goto	l915
   517  00D5                     l917:	
   518                           
   519                           ;Control_v3.c: 118: {
   520                           ;Control_v3.c: 121: PORTC=0b00100000;
   521  00D5  3020               	movlw	32
   522  00D6  008E               	movwf	14	;volatile
   523                           
   524                           ;Control_v3.c: 122: _delay((unsigned long)((1000)*(4000000/4000.0)));
   525  00D7  3006               	movlw	6
   526  00D8  00C6               	movwf	??_main+2
   527  00D9  3013               	movlw	19
   528  00DA  00C5               	movwf	??_main+1
   529  00DB  30B1               	movlw	177
   530  00DC  00C4               	movwf	??_main
   531  00DD                     u517:	
   532  00DD  0BC4               	decfsz	??_main,f
   533  00DE  28DD               	goto	u517
   534  00DF  0BC5               	decfsz	??_main+1,f
   535  00E0  28DD               	goto	u517
   536  00E1  0BC6               	decfsz	??_main+2,f
   537  00E2  28DD               	goto	u517
   538  00E3  3200               	nop2
   539  00E4                     L1:	
   540                           
   541                           ;Control_v3.c: 123: PORTC=0x00;
   542  00E4  0020               	movlb	0	; select bank0
   543  00E5  018E               	clrf	14	;volatile
   544  00E6                     l915:	
   545                           ;Control_v3.c: 115: while (1)
   546                           
   547                           ;Control_v3.c: 125: }
   548                           
   549                           
   550                           ;Control_v3.c: 116: {
   551                           ;Control_v3.c: 117: if (Busqueda()==0)
   552  00E6  3180  2054  3180   	fcall	_Busqueda
   553  00E9  0020               	movlb	0	; select bank0
   554  00EA  0822               	movf	?_Busqueda,w
   555  00EB  0423               	iorwf	?_Busqueda+1,w
   556  00EC  1903               	btfsc	3,2
   557  00ED  28D5               	goto	l917
   558                           
   559                           ;Control_v3.c: 127: else if(Busqueda()==1)
   560  00EE  3180  2054  3180   	fcall	_Busqueda
   561  00F1  0020               	movlb	0	; select bank0
   562  00F2  0322               	decf	?_Busqueda,w
   563  00F3  0423               	iorwf	?_Busqueda+1,w
   564  00F4  1D03               	btfss	3,2
   565  00F5  28E6               	goto	l915
   566                           
   567                           ;Control_v3.c: 128: {
   568                           ;Control_v3.c: 130: PORTC=0b00010000;
   569  00F6  3010               	movlw	16
   570  00F7  008E               	movwf	14	;volatile
   571                           
   572                           ;Control_v3.c: 132: _delay((unsigned long)((3000)*(4000000/4000.0)));
   573  00F8  3010               	movlw	16
   574  00F9  00C6               	movwf	??_main+2
   575  00FA  3039               	movlw	57
   576  00FB  00C5               	movwf	??_main+1
   577  00FC  301B               	movlw	27
   578  00FD  00C4               	movwf	??_main
   579  00FE                     u527:	
   580  00FE  0BC4               	decfsz	??_main,f
   581  00FF  28FE               	goto	u527
   582  0100  0BC5               	decfsz	??_main+1,f
   583  0101  28FE               	goto	u527
   584  0102  0BC6               	decfsz	??_main+2,f
   585  0103  28FE               	goto	u527
   586  0104  3200               	nop2
   587  0105  28E4               	goto	L1
   588  0106                     __end_of_main:	
   589                           ;Control_v3.c: 133: PORTC=0x00;
   590                           
   591                           
   592                           	psect	text1
   593  0054                     __ptext1:	
   594 ;; *************** function _Busqueda *****************
   595 ;; Defined at:
   596 ;;		line 139 in file "Control_v3.c"
   597 ;; Parameters:    Size  Location     Type
   598 ;;		None
   599 ;; Auto vars:     Size  Location     Type
   600 ;;  ContraHex      26    6[BANK0 ] unsigned char [13][2]
   601 ;;  x               2   34[BANK0 ] int 
   602 ;;  comp            2   32[BANK0 ] int 
   603 ;; Return value:  Size  Location     Type
   604 ;;                  2    2[BANK0 ] int 
   605 ;; Registers used:
   606 ;;		wreg, fsr0l, fsr0h, fsr1l, fsr1h, status,2, status,0, pclath, cstack
   607 ;; Tracked objects:
   608 ;;		On entry : 0/0
   609 ;;		On exit  : 0/0
   610 ;;		Unchanged: 0/0
   611 ;; Data sizes:     COMMON   BANK0   BANK1   BANK2   BANK3   BANK4   BANK5   BANK6
   612 ;;      Params:         0       2       0       0       0       0       0       0
   613 ;;      Locals:         0      30       0       0       0       0       0       0
   614 ;;      Temps:          0       2       0       0       0       0       0       0
   615 ;;      Totals:         0      34       0       0       0       0       0       0
   616 ;;Total ram usage:       34 bytes
   617 ;; Hardware stack levels used:    1
   618 ;; Hardware stack levels required when called:    2
   619 ;; This function calls:
   620 ;;		___bmul
   621 ;;		_strncmp
   622 ;; This function is called by:
   623 ;;		_main
   624 ;; This function uses a non-reentrant model
   625 ;;
   626                           
   627                           
   628                           ;psect for function _Busqueda
   629  0054                     _Busqueda:	
   630                           
   631                           ;Control_v3.c: 141: int comp=0;
   632                           
   633                           ;incstack = 0
   634                           ; Regs used in _Busqueda: [wreg-fsr1h+status,2+status,0+pclath+cstack]
   635  0054  0020               	movlb	0	; select bank0
   636  0055  01C0               	clrf	Busqueda@comp
   637  0056  01C1               	clrf	Busqueda@comp+1
   638                           
   639                           ;Control_v3.c: 142: int x=0;
   640  0057  01C2               	clrf	Busqueda@x
   641  0058  01C3               	clrf	Busqueda@x+1
   642                           
   643                           ;Control_v3.c: 143: char ContraHex[2][13]= {
   644                           ;Control_v3.c: 144: {0x30,0x41,0x30,0x30,0x36,0x44,0x46,0x38,0x43,0x34,0x35,0x42,0x03},
   645                           ;Control_v3.c: 145: {0x30,0x41,0x30,0x30,0x36,0x44,0x37,0x41,0x42,0x44,0x41,0x30,0x03},
   646                           ;Control_v3.c: 146: };
   647  0059  30A0               	movlw	low Busqueda@F3334
   648  005A  0086               	movwf	6
   649  005B  3000               	movlw	high Busqueda@F3334
   650  005C  0087               	movwf	7
   651  005D  3026               	movlw	low Busqueda@ContraHex
   652  005E  0084               	movwf	4
   653  005F  3000               	movlw	high Busqueda@ContraHex
   654  0060  0085               	movwf	5
   655  0061  301A               	movlw	26
   656  0062  00A4               	movwf	??_Busqueda
   657  0063                     u420:	
   658  0063  0016               	moviw fsr1++
   659  0064  001A               	movwi fsr0++
   660  0065  0BA4               	decfsz	??_Busqueda,f
   661  0066  2863               	goto	u420
   662                           
   663                           ;Control_v3.c: 147: PORTA=0x00;
   664  0067  018C               	clrf	12	;volatile
   665                           
   666                           ;Control_v3.c: 150: U=0;
   667  0068  01D4               	clrf	_U	;volatile
   668  0069  01D5               	clrf	_U+1	;volatile
   669  006A                     l859:	
   670                           ;Control_v3.c: 151: while(U==0);
   671                           
   672  006A  0854               	movf	_U,w	;volatile
   673  006B  0455               	iorwf	_U+1,w	;volatile
   674  006C  1903               	btfsc	3,2
   675  006D  286A               	goto	l859
   676  006E                     l861:	
   677                           ;Control_v3.c: 158: do {
   678                           
   679                           
   680                           ;Control_v3.c: 159: comp=strncmp ( ContraHex[x], Buffer,13);
   681  006E  3056               	movlw	(low (_Buffer| 0))& (0+255)
   682  006F  0020               	movlb	0	; select bank0
   683  0070  00A4               	movwf	??_Busqueda
   684  0071  0824               	movf	??_Busqueda,w
   685  0072  00F6               	movwf	strncmp@s2
   686  0073  300D               	movlw	13
   687  0074  00F7               	movwf	strncmp@len
   688  0075  3000               	movlw	0
   689  0076  00F8               	movwf	strncmp@len+1
   690  0077  300D               	movlw	13
   691  0078  00A5               	movwf	??_Busqueda+1
   692  0079  0825               	movf	??_Busqueda+1,w
   693  007A  00F2               	movwf	___bmul@multiplicand
   694  007B  0842               	movf	Busqueda@x,w
   695  007C  3181  215E  3180   	fcall	___bmul
   696  007F  3E26               	addlw	(low (Busqueda@ContraHex| 0))& (0+255)
   697  0080  3181  2106  3180   	fcall	_strncmp
   698  0083  0877               	movf	?_strncmp+1,w
   699  0084  0020               	movlb	0	; select bank0
   700  0085  00C1               	movwf	Busqueda@comp+1
   701  0086  0876               	movf	?_strncmp,w
   702  0087  00C0               	movwf	Busqueda@comp
   703                           
   704                           ;Control_v3.c: 160: if(++x==2)x=0;
   705  0088  3001               	movlw	1
   706  0089  07C2               	addwf	Busqueda@x,f
   707  008A  3000               	movlw	0
   708  008B  3DC3               	addwfc	Busqueda@x+1,f
   709  008C  3002               	movlw	2
   710  008D  0642               	xorwf	Busqueda@x,w
   711  008E  0443               	iorwf	Busqueda@x+1,w
   712  008F  1D03               	btfss	3,2
   713  0090  2893               	goto	l867
   714  0091  01C2               	clrf	Busqueda@x
   715  0092  01C3               	clrf	Busqueda@x+1
   716  0093                     l867:	
   717                           
   718                           ;Control_v3.c: 161: } while(comp!=0 && x>0);
   719  0093  0840               	movf	Busqueda@comp,w
   720  0094  0441               	iorwf	Busqueda@comp+1,w
   721  0095  1903               	btfsc	3,2
   722  0096  28A2               	goto	l871
   723  0097  0843               	movf	Busqueda@x+1,w
   724  0098  3A80               	xorlw	128
   725  0099  00A4               	movwf	??_Busqueda
   726  009A  3080               	movlw	128
   727  009B  0224               	subwf	??_Busqueda,w
   728  009C  1D03               	skipz
   729  009D  28A0               	goto	u465
   730  009E  3001               	movlw	1
   731  009F  0242               	subwf	Busqueda@x,w
   732  00A0                     u465:	
   733  00A0  1803               	skipnc
   734  00A1  286E               	goto	l861
   735  00A2                     l871:	
   736                           
   737                           ;Control_v3.c: 163: if(comp==0)
   738  00A2  0020               	movlb	0	; select bank0
   739  00A3  0840               	movf	Busqueda@comp,w
   740  00A4  0441               	iorwf	Busqueda@comp+1,w
   741  00A5  1D03               	btfss	3,2
   742  00A6  28AC               	goto	l879
   743                           
   744                           ;Control_v3.c: 164: {
   745                           ;Control_v3.c: 165: return (1);
   746  00A7  3001               	movlw	1
   747  00A8  00A2               	movwf	?_Busqueda
   748  00A9  3000               	movlw	0
   749  00AA  00A3               	movwf	?_Busqueda+1
   750                           
   751                           ;Control_v3.c: 166: }
   752  00AB  0008               	return
   753  00AC                     l879:	
   754                           
   755                           ;Control_v3.c: 167: else return (0);
   756  00AC  01A2               	clrf	?_Busqueda
   757  00AD  01A3               	clrf	?_Busqueda+1
   758  00AE  0008               	return
   759  00AF                     __end_of_Busqueda:	
   760                           
   761                           	psect	text2
   762  0106                     __ptext2:	
   763 ;; *************** function _strncmp *****************
   764 ;; Defined at:
   765 ;;		line 4 in file "C:\Program Files (x86)\Microchip\xc8\v1.38\sources\common\strncmp.c"
   766 ;; Parameters:    Size  Location     Type
   767 ;;  s1              1    wreg     PTR const unsigned char 
   768 ;;		 -> Busqueda@ContraHex(26), 
   769 ;;  s2              1    6[COMMON] PTR const unsigned char 
   770 ;;		 -> Buffer(13), 
   771 ;;  len             2    7[COMMON] unsigned int 
   772 ;; Auto vars:     Size  Location     Type
   773 ;;  s1              1    9[COMMON] PTR const unsigned char 
   774 ;;		 -> Busqueda@ContraHex(26), 
   775 ;; Return value:  Size  Location     Type
   776 ;;                  2    6[COMMON] int 
   777 ;; Registers used:
   778 ;;		wreg, fsr0l, fsr0h, fsr1l, fsr1h, status,2, status,0
   779 ;; Tracked objects:
   780 ;;		On entry : 0/0
   781 ;;		On exit  : 0/0
   782 ;;		Unchanged: 0/0
   783 ;; Data sizes:     COMMON   BANK0   BANK1   BANK2   BANK3   BANK4   BANK5   BANK6
   784 ;;      Params:         3       0       0       0       0       0       0       0
   785 ;;      Locals:         1       0       0       0       0       0       0       0
   786 ;;      Temps:          0       2       0       0       0       0       0       0
   787 ;;      Totals:         4       2       0       0       0       0       0       0
   788 ;;Total ram usage:        6 bytes
   789 ;; Hardware stack levels used:    1
   790 ;; Hardware stack levels required when called:    1
   791 ;; This function calls:
   792 ;;		Nothing
   793 ;; This function is called by:
   794 ;;		_Busqueda
   795 ;; This function uses a non-reentrant model
   796 ;;
   797                           
   798                           
   799                           ;psect for function _strncmp
   800  0106                     _strncmp:	
   801                           
   802                           ;incstack = 0
   803                           ; Regs used in _strncmp: [wreg-fsr1h+status,2+status,0]
   804                           ;strncmp@s1 stored from wreg
   805  0106  00F9               	movwf	strncmp@s1
   806  0107                     l520:	
   807  0107  3001               	movlw	1
   808  0108  02F7               	subwf	strncmp@len,f
   809  0109  3000               	movlw	0
   810  010A  3BF8               	subwfb	strncmp@len+1,f
   811  010B  0A77               	incf	strncmp@len,w
   812  010C  1903               	btfsc	3,2
   813  010D  0A78               	incf	strncmp@len+1,w
   814  010E  1903               	btfsc	3,2
   815  010F  2941               	goto	l833
   816  0110  0879               	movf	strncmp@s1,w
   817  0111  0086               	movwf	6
   818  0112  0187               	clrf	7
   819  0113  0801               	movf	1,w
   820  0114  1903               	btfsc	3,2
   821  0115  2920               	goto	l827
   822  0116  0876               	movf	strncmp@s2,w
   823  0117  0086               	movwf	6
   824  0118  0187               	clrf	7
   825  0119  0879               	movf	strncmp@s1,w
   826  011A  0084               	movwf	4
   827  011B  0185               	clrf	5
   828  011C  0800               	movf	0,w
   829  011D  0601               	xorwf	1,w
   830  011E  1903               	skipnz
   831  011F  2937               	goto	l831
   832  0120                     l827:	
   833  0120  0876               	movf	strncmp@s2,w
   834  0121  0086               	movwf	6
   835  0122  0187               	clrf	7
   836  0123  0801               	movf	1,w
   837  0124  0020               	movlb	0	; select bank0
   838  0125  00A0               	movwf	??_strncmp
   839  0126  01A1               	clrf	??_strncmp+1
   840  0127  09A0               	comf	??_strncmp,f
   841  0128  09A1               	comf	??_strncmp+1,f
   842  0129  0AA0               	incf	??_strncmp,f
   843  012A  1903               	skipnz
   844  012B  0AA1               	incf	??_strncmp+1,f
   845  012C  0879               	movf	strncmp@s1,w
   846  012D  0086               	movwf	6
   847  012E  0187               	clrf	7
   848  012F  0801               	movf	1,w
   849  0130  0720               	addwf	??_strncmp,w
   850  0131  00F6               	movwf	?_strncmp
   851  0132  0821               	movf	??_strncmp+1,w
   852  0133  1803               	skipnc
   853  0134  0A21               	incf	??_strncmp+1,w
   854  0135  00F7               	movwf	?_strncmp+1
   855  0136  0008               	return
   856  0137                     l831:	
   857  0137  3001               	movlw	1
   858  0138  0020               	movlb	0	; select bank0
   859  0139  00A0               	movwf	??_strncmp
   860  013A  0820               	movf	??_strncmp,w
   861  013B  07F9               	addwf	strncmp@s1,f
   862  013C  3001               	movlw	1
   863  013D  00A0               	movwf	??_strncmp
   864  013E  0820               	movf	??_strncmp,w
   865  013F  07F6               	addwf	strncmp@s2,f
   866  0140  2907               	goto	l520
   867  0141                     l833:	
   868  0141  01F6               	clrf	?_strncmp
   869  0142  01F7               	clrf	?_strncmp+1
   870  0143  0008               	return
   871  0144                     __end_of_strncmp:	
   872                           
   873                           	psect	text3
   874  015E                     __ptext3:	
   875 ;; *************** function ___bmul *****************
   876 ;; Defined at:
   877 ;;		line 4 in file "C:\Program Files (x86)\Microchip\xc8\v1.38\sources\common\Umul8.c"
   878 ;; Parameters:    Size  Location     Type
   879 ;;  multiplier      1    wreg     unsigned char 
   880 ;;  multiplicand    1    2[COMMON] unsigned char 
   881 ;; Auto vars:     Size  Location     Type
   882 ;;  multiplier      1    5[COMMON] unsigned char 
   883 ;;  product         1    4[COMMON] unsigned char 
   884 ;; Return value:  Size  Location     Type
   885 ;;                  1    wreg      unsigned char 
   886 ;; Registers used:
   887 ;;		wreg, status,2, status,0
   888 ;; Tracked objects:
   889 ;;		On entry : 0/0
   890 ;;		On exit  : 0/0
   891 ;;		Unchanged: 0/0
   892 ;; Data sizes:     COMMON   BANK0   BANK1   BANK2   BANK3   BANK4   BANK5   BANK6
   893 ;;      Params:         1       0       0       0       0       0       0       0
   894 ;;      Locals:         2       0       0       0       0       0       0       0
   895 ;;      Temps:          1       0       0       0       0       0       0       0
   896 ;;      Totals:         4       0       0       0       0       0       0       0
   897 ;;Total ram usage:        4 bytes
   898 ;; Hardware stack levels used:    1
   899 ;; Hardware stack levels required when called:    1
   900 ;; This function calls:
   901 ;;		Nothing
   902 ;; This function is called by:
   903 ;;		_Busqueda
   904 ;; This function uses a non-reentrant model
   905 ;;
   906                           
   907                           
   908                           ;psect for function ___bmul
   909  015E                     ___bmul:	
   910                           
   911                           ;incstack = 0
   912                           ; Regs used in ___bmul: [wreg+status,2+status,0]
   913                           ;___bmul@multiplier stored from wreg
   914  015E  00F5               	movwf	___bmul@multiplier
   915  015F  01F4               	clrf	___bmul@product
   916  0160                     l839:	
   917  0160  1C75               	btfss	___bmul@multiplier,0
   918  0161  2966               	goto	l843
   919  0162  0872               	movf	___bmul@multiplicand,w
   920  0163  00F3               	movwf	??___bmul
   921  0164  0873               	movf	??___bmul,w
   922  0165  07F4               	addwf	___bmul@product,f
   923  0166                     l843:	
   924  0166  1003               	clrc
   925  0167  0DF2               	rlf	___bmul@multiplicand,f
   926  0168  1003               	clrc
   927  0169  0CF5               	rrf	___bmul@multiplier,f
   928  016A  0875               	movf	___bmul@multiplier,w
   929  016B  1D03               	btfss	3,2
   930  016C  2960               	goto	l839
   931  016D  0874               	movf	___bmul@product,w
   932  016E  0008               	return
   933  016F                     __end_of___bmul:	
   934                           
   935                           	psect	intentry
   936  0004                     __pintentry:	
   937 ;; *************** function _Recept *****************
   938 ;; Defined at:
   939 ;;		line 43 in file "Control_v3.c"
   940 ;; Parameters:    Size  Location     Type
   941 ;;		None
   942 ;; Auto vars:     Size  Location     Type
   943 ;;		None
   944 ;; Return value:  Size  Location     Type
   945 ;;                  1    wreg      void 
   946 ;; Registers used:
   947 ;;		wreg, fsr1l, fsr1h, status,2, status,0
   948 ;; Tracked objects:
   949 ;;		On entry : 0/0
   950 ;;		On exit  : 0/0
   951 ;;		Unchanged: 0/0
   952 ;; Data sizes:     COMMON   BANK0   BANK1   BANK2   BANK3   BANK4   BANK5   BANK6
   953 ;;      Params:         0       0       0       0       0       0       0       0
   954 ;;      Locals:         0       0       0       0       0       0       0       0
   955 ;;      Temps:          2       0       0       0       0       0       0       0
   956 ;;      Totals:         2       0       0       0       0       0       0       0
   957 ;;Total ram usage:        2 bytes
   958 ;; Hardware stack levels used:    1
   959 ;; This function calls:
   960 ;;		Nothing
   961 ;; This function is called by:
   962 ;;		Interrupt level 1
   963 ;; This function uses a non-reentrant model
   964 ;;
   965                           
   966  0004                     _Recept:	
   967                           
   968                           ;incstack = 0
   969  0004  147E               	bsf	126,0	;set compiler interrupt flag (level 1)
   970                           
   971                           ; Regs used in _Recept: [wreg+fsr1l+fsr1h+status,2+status,0]
   972  0005  3180               	pagesel	$
   973  0006  0020               	movlb	0	; select bank0
   974  0007  087F               	movf	127,w
   975  0008  00F1               	movwf	??_Recept+1
   976                           
   977                           ;Control_v3.c: 45: static char i=0;
   978                           ;Control_v3.c: 46: static char Flag=0;
   979                           ;Control_v3.c: 48: if (Flag==0)
   980  0009  087A               	movf	Recept@Flag,w
   981  000A  1D03               	btfss	3,2
   982  000B  2813               	goto	i1l767
   983  000C                     i1l765:	
   984                           ;Control_v3.c: 49: {
   985                           ;Control_v3.c: 50: while(RCREG==0x02);
   986                           
   987  000C  3002               	movlw	2
   988  000D  0023               	movlb	3	; select bank3
   989  000E  0619               	xorwf	25,w	;volatile
   990  000F  1903               	btfsc	3,2
   991  0010  280C               	goto	i1l765
   992                           
   993                           ;Control_v3.c: 51: Flag=1;
   994  0011  01FA               	clrf	Recept@Flag
   995  0012  0AFA               	incf	Recept@Flag,f
   996  0013                     i1l767:	
   997                           
   998                           ;Control_v3.c: 52: }
   999                           ;Control_v3.c: 53: if (Flag==1)
  1000  0013  037A               	decf	Recept@Flag,w
  1001  0014  1D03               	btfss	3,2
  1002  0015  2834               	goto	i1l60
  1003                           
  1004                           ;Control_v3.c: 54: {
  1005                           ;Control_v3.c: 55: Buffer[i]=RCREG;
  1006  0016  0023               	movlb	3	; select bank3
  1007  0017  0819               	movf	25,w	;volatile
  1008  0018  00F0               	movwf	??_Recept
  1009  0019  087B               	movf	Recept@i,w
  1010  001A  3E56               	addlw	(low (_Buffer| 0))& (0+255)
  1011  001B  0086               	movwf	6
  1012  001C  0187               	clrf	7
  1013  001D  0870               	movf	??_Recept,w
  1014  001E  0081               	movwf	1
  1015                           
  1016                           ;Control_v3.c: 56: TXREG=Buffer[i];
  1017  001F  087B               	movf	Recept@i,w
  1018  0020  3E56               	addlw	(low (_Buffer| 0))& (0+255)
  1019  0021  0086               	movwf	6
  1020  0022  0187               	clrf	7
  1021  0023  0801               	movf	1,w
  1022  0024  009A               	movwf	26	;volatile
  1023                           
  1024                           ;Control_v3.c: 57: if(++i==13)
  1025  0025  3001               	movlw	1
  1026  0026  00F0               	movwf	??_Recept
  1027  0027  0870               	movf	??_Recept,w
  1028  0028  07FB               	addwf	Recept@i,f
  1029  0029  300D               	movlw	13
  1030  002A  067B               	xorwf	Recept@i,w
  1031  002B  1D03               	btfss	3,2
  1032  002C  2834               	goto	i1l60
  1033                           
  1034                           ;Control_v3.c: 58: {
  1035                           ;Control_v3.c: 59: i=0;
  1036  002D  01FB               	clrf	Recept@i
  1037                           
  1038                           ;Control_v3.c: 60: Flag=0;
  1039  002E  01FA               	clrf	Recept@Flag
  1040                           
  1041                           ;Control_v3.c: 61: U=1;
  1042  002F  3001               	movlw	1
  1043  0030  0020               	movlb	0	; select bank0
  1044  0031  00D4               	movwf	_U	;volatile
  1045  0032  3000               	movlw	0
  1046  0033  00D5               	movwf	_U+1	;volatile
  1047  0034                     i1l60:	
  1048                           ;Control_v3.c: 63: else;
  1049                           
  1050                           ;Control_v3.c: 62: }
  1051                           
  1052  0034  0871               	movf	??_Recept+1,w
  1053  0035  0020               	movlb	0	; select bank0
  1054  0036  00FF               	movwf	127
  1055  0037  107E               	bcf	126,0	;clear compiler interrupt flag (level 1)
  1056  0038  0009               	retfie
  1057  0039                     __end_of_Recept:	
  1058  007E                     btemp	set	126	;btemp
  1059  007E                     int$flags	set	126
  1060  007E                     wtemp	set	126
  1061  007E                     wtemp0	set	126
  1062  0080                     wtemp1	set	128
  1063  0082                     wtemp2	set	130
  1064  0084                     wtemp3	set	132
  1065  0086                     wtemp4	set	134
  1066  0088                     wtemp5	set	136
  1067  007F                     wtemp6	set	127
  1068  007E                     ttemp	set	126
  1069  007E                     ttemp0	set	126
  1070  0081                     ttemp1	set	129
  1071  0084                     ttemp2	set	132
  1072  0087                     ttemp3	set	135
  1073  007F                     ttemp4	set	127
  1074  007E                     ltemp	set	126
  1075  007E                     ltemp0	set	126
  1076  0082                     ltemp1	set	130
  1077  0086                     ltemp2	set	134
  1078  0080                     ltemp3	set	128


Data Sizes:
    Strings     0
    Constant    0
    Data        26
    BSS         30
    Persistent  0
    Stack       0

Auto Spaces:
    Space          Size  Autos    Used
    COMMON           14     10      12
    BANK0            80     39      67
    BANK1            80     15      41
    BANK2            80      0       0
    BANK3            80      0       0
    BANK4            80      0       0
    BANK5            80      0       0
    BANK6            16      0       0

Pointer List with Targets:

    strncmp@s2	PTR const unsigned char  size(1) Largest target is 13
		 -> Buffer(BANK0[13]), 

    strncmp@s1	PTR const unsigned char  size(1) Largest target is 26
		 -> Busqueda@ContraHex(BANK0[26]), 


Critical Paths under _main in COMMON

    _Busqueda->_strncmp
    _strncmp->___bmul

Critical Paths under _Recept in COMMON

    None.

Critical Paths under _main in BANK0

    _main->_Busqueda
    _Busqueda->_strncmp

Critical Paths under _Recept in BANK0

    None.

Critical Paths under _main in BANK1

    None.

Critical Paths under _Recept in BANK1

    None.

Critical Paths under _main in BANK2

    None.

Critical Paths under _Recept in BANK2

    None.

Critical Paths under _main in BANK3

    None.

Critical Paths under _Recept in BANK3

    None.

Critical Paths under _main in BANK4

    None.

Critical Paths under _Recept in BANK4

    None.

Critical Paths under _main in BANK5

    None.

Critical Paths under _Recept in BANK5

    None.

Critical Paths under _main in BANK6

    None.

Critical Paths under _Recept in BANK6

    None.

Call Graph Tables:

 ---------------------------------------------------------------------------------
 (Depth) Function   	        Calls       Base Space   Used Autos Params    Refs
 ---------------------------------------------------------------------------------
 (0) _main                                                18    18      0     766
                                             36 BANK0      3     3      0
                                              0 BANK1     15    15      0
                           _Busqueda
 ---------------------------------------------------------------------------------
 (1) _Busqueda                                            34    32      2     760
                                              2 BANK0     34    32      2
                             ___bmul
                            _strncmp
 ---------------------------------------------------------------------------------
 (2) _strncmp                                              6     3      3     379
                                              6 COMMON     4     1      3
                                              0 BANK0      2     2      0
                             ___bmul (ARG)
 ---------------------------------------------------------------------------------
 (2) ___bmul                                               4     3      1     171
                                              2 COMMON     4     3      1
 ---------------------------------------------------------------------------------
 Estimated maximum stack depth 2
 ---------------------------------------------------------------------------------
 (Depth) Function   	        Calls       Base Space   Used Autos Params    Refs
 ---------------------------------------------------------------------------------
 (3) _Recept                                               2     2      0       0
                                              0 COMMON     2     2      0
 ---------------------------------------------------------------------------------
 Estimated maximum stack depth 3
 ---------------------------------------------------------------------------------

 Call Graph Graphs:

 _main (ROOT)
   _Busqueda
     ___bmul
     _strncmp
       ___bmul (ARG)

 _Recept (ROOT)

 Address spaces:
Name               Size   Autos  Total    Cost      Usage
BIGRAM             1F0      0       0       0        0.0%
EEDATA             100      0       0       0        0.0%
NULL                 0      0       0       0        0.0%
CODE                 0      0       0       0        0.0%
BITCOMMON            E      0       0       1        0.0%
BITSFR0              0      0       0       1        0.0%
SFR0                 0      0       0       1        0.0%
COMMON               E      A       C       2       85.7%
BITSFR1              0      0       0       2        0.0%
SFR1                 0      0       0       2        0.0%
BITSFR2              0      0       0       3        0.0%
SFR2                 0      0       0       3        0.0%
STACK                0      0       0       3        0.0%
BITSFR3              0      0       0       4        0.0%
SFR3                 0      0       0       4        0.0%
ABS                  0      0      78       4        0.0%
BITBANK0            50      0       0       5        0.0%
BITSFR4              0      0       0       5        0.0%
SFR4                 0      0       0       5        0.0%
BANK0               50     27      43       6       83.8%
BITSFR5              0      0       0       6        0.0%
SFR5                 0      0       0       6        0.0%
BITBANK1            50      0       0       7        0.0%
BITSFR6              0      0       0       7        0.0%
SFR6                 0      0       0       7        0.0%
BANK1               50      F      29       8       51.3%
BITSFR7              0      0       0       8        0.0%
SFR7                 0      0       0       8        0.0%
BITBANK2            50      0       0       9        0.0%
BITSFR8              0      0       0       9        0.0%
SFR8                 0      0       0       9        0.0%
BANK2               50      0       0      10        0.0%
BITSFR9              0      0       0      10        0.0%
SFR9                 0      0       0      10        0.0%
BITBANK3            50      0       0      11        0.0%
BITSFR10             0      0       0      11        0.0%
SFR10                0      0       0      11        0.0%
BANK3               50      0       0      12        0.0%
BITSFR11             0      0       0      12        0.0%
SFR11                0      0       0      12        0.0%
BITBANK4            50      0       0      13        0.0%
BITSFR12             0      0       0      13        0.0%
SFR12                0      0       0      13        0.0%
BANK4               50      0       0      14        0.0%
BITSFR13             0      0       0      14        0.0%
SFR13                0      0       0      14        0.0%
BITBANK5            50      0       0      15        0.0%
BITSFR14             0      0       0      15        0.0%
SFR14                0      0       0      15        0.0%
BANK5               50      0       0      16        0.0%
BITSFR15             0      0       0      16        0.0%
SFR15                0      0       0      16        0.0%
BITBANK6            10      0       0      17        0.0%
BITSFR16             0      0       0      17        0.0%
SFR16                0      0       0      17        0.0%
BANK6               10      0       0      18        0.0%
BITSFR17             0      0       0      18        0.0%
SFR17                0      0       0      18        0.0%
BITSFR18             0      0       0      19        0.0%
SFR18                0      0       0      19        0.0%
DATA                 0      0      78      19        0.0%
BITSFR19             0      0       0      20        0.0%
SFR19                0      0       0      20        0.0%
BITSFR20             0      0       0      21        0.0%
SFR20                0      0       0      21        0.0%
BITSFR21             0      0       0      22        0.0%
SFR21                0      0       0      22        0.0%
BITSFR22             0      0       0      23        0.0%
SFR22                0      0       0      23        0.0%
BITSFR23             0      0       0      24        0.0%
SFR23                0      0       0      24        0.0%
BITSFR24             0      0       0      25        0.0%
SFR24                0      0       0      25        0.0%
BITSFR25             0      0       0      26        0.0%
SFR25                0      0       0      26        0.0%
BITSFR26             0      0       0      27        0.0%
SFR26                0      0       0      27        0.0%
BITSFR27             0      0       0      28        0.0%
SFR27                0      0       0      28        0.0%
BITSFR28             0      0       0      29        0.0%
SFR28                0      0       0      29        0.0%
BITSFR29             0      0       0      30        0.0%
SFR29                0      0       0      30        0.0%
BITSFR30             0      0       0      31        0.0%
SFR30                0      0       0      31        0.0%
BITSFR31             0      0       0      32        0.0%
SFR31                0      0       0      32        0.0%


Microchip Technology PIC Macro Assembler V1.38 build -256452561 
Symbol Table                                                                                   Mon Oct 21 18:28:14 2019

                      _U 0054           ___bmul@product 0074              __CFG_CP$OFF 0000  
                    l520 0107                      l831 0137                      l833 0141  
                    l843 0166                      l827 0120                      l915 00E6  
                    l861 006E                      l917 00D5                      l839 0160  
                    l871 00A2                      l867 0093                      l859 006A  
                    l879 00AC                      _GIE 005F                      u420 0063  
           __CFG_CPD$OFF 0000                      u517 00DD                      u527 00FE  
                    u480 00BD                      u465 00A0             __CFG_BORV$LO 0000  
                    wreg 0009             __CFG_LVP$OFF 0000                     _BRGH 0CF2  
                   _CREN 0CEC                     _PEIE 005E                     _RCIE 048D  
                   i1l60 0034                     _SPEN 0CEF                     _TXEN 0CF5  
                   _SYNC 0CF4             __CFG_WRT$OFF 0000                     _main 00AF  
                   fsr0h 0005                     fsr1h 0007                     fsr0l 0004  
                   indf0 0000                     indf1 0001                     fsr1l 0006  
                   btemp 007E                     ltemp 007E                     start 0039  
                   ttemp 007E                     wtemp 007E            __CFG_IESO$OFF 0000  
      ___bmul@multiplier 0075                    ?_main 0070                    _BRG16 0CFB  
          __CFG_WDTE$OFF 0000                    i1l765 000C                    i1l767 0013  
                  _RCREG 0199                    _SPBRG 019B                    _PORTA 000C  
                  _PORTC 000E                    _TXREG 019A               Recept@Flag 007A  
         __CFG_FCMEN$OFF 0000           __CFG_BOREN$OFF 0000                    ltemp0 007E  
                  ltemp1 0082                    ltemp2 0086                    ltemp3 0080  
                  ttemp0 007E                    ttemp1 0081                    ttemp2 0084  
                  ttemp3 0087                    ttemp4 007F                    status 0003  
                  wtemp0 007E                    wtemp1 0080                    wtemp2 0082  
                  wtemp3 0084                    wtemp4 0086                    wtemp5 0088  
                  wtemp6 007F          __end_of_strncmp 0144           __CFG_MCLRE$OFF 0000  
        __initialization 003B             __end_of_main 0106         __end_of_Busqueda 00AF  
                 ??_main 0044           __CFG_PLLEN$OFF 0000                   _OSCCON 0099  
                 _TRISC4 0474                   _TRISC5 0475                   _TRISC7 0477  
                 _Buffer 0056           __CFG_PWRTE$OFF 0000                   _Recept 0004  
                 ___bmul 015E                ??_strncmp 0020             Busqueda@comp 0040  
__end_of__initialization 0050      ___bmul@multiplicand 0072           __pcstackCOMMON 0070  
           __pidataBANK1 0144               __pbssBANK0 0047                ?_Busqueda 0022  
                ?_Recept 0070               __pmaintext 00AF                  ?___bmul 0072  
             __pintentry 0004               ??_Busqueda 0024                  Recept@i 007B  
        __size_of_Recept 0035          __size_of___bmul 0011          __CFG_STVREN$OFF 0000  
                __ptext1 0054                  __ptext2 0106                  __ptext3 015E  
                clrloop0 0176                  _strncmp 0106     end_of_initialization 0050  
                init_ram 016F                  initloop 0170            Busqueda@F3334 00A0  
       __CFG_FOSC$INTOSC 0000                Busqueda@x 0042           __end_of_Recept 0039  
         __end_of___bmul 016F      start_initialization 003B        __size_of_Busqueda 005B  
               ??_Recept 0070                 ??___bmul 0073              __pdataBANK1 00A0  
            __pbssCOMMON 007A                ___latbits 0002            __pcstackBANK0 0020  
          __pcstackBANK1 00BA        Busqueda@ContraHex 0026                 ?_strncmp 0076  
              clear_ram0 0175                main@F3326 0047                 _Busqueda 0054  
       __size_of_strncmp 003E            __size_of_main 0057               strncmp@len 0077  
               int$flags 007E                 main@com2 00BA                 main@comp 00C7  
               intlevel1 0000        __CFG_CLKOUTEN$OFF 0000                strncmp@s1 0079  
              strncmp@s2 0076  
